{
  "RSpec": {
    "coverage": {
      "/Users/carlossanchezperez/Projects/jobadvent-api-rest/spec/support/task.rb": {
        "lines": [
          null,
          null,
          null,
          null,
          null,
          null,
          null,
          null,
          null,
          null,
          1,
          1,
          1,
          0,
          0,
          null,
          0,
          null,
          null,
          1,
          null,
          1,
          0,
          null,
          1,
          1,
          1,
          null,
          null
        ]
      },
      "/Users/carlossanchezperez/Projects/jobadvent-api-rest/spec/controllers/api/v1/user_controller_spec.rb": {
        "lines": [
          1,
          1,
          null,
          1,
          2,
          2,
          2,
          null,
          2,
          null,
          null,
          null,
          null,
          null,
          null,
          null,
          1,
          1,
          1,
          null,
          1,
          null,
          null,
          1,
          1,
          1,
          null,
          1,
          null,
          null,
          null,
          null
        ]
      },
      "/Users/carlossanchezperez/Projects/jobadvent-api-rest/app/controllers/api/v1/users_controller.rb": {
        "lines": [
          1,
          1,
          1,
          null,
          null,
          1,
          1,
          null,
          null,
          null,
          null,
          1,
          2,
          2,
          1,
          null,
          1,
          null,
          null,
          null,
          null,
          1,
          3,
          2,
          null,
          1,
          null,
          null,
          null,
          null,
          null,
          1,
          1,
          1,
          null,
          null,
          null,
          1,
          null,
          1,
          5,
          null,
          null,
          1,
          6,
          null,
          null,
          1,
          5,
          null,
          null
        ]
      },
      "/Users/carlossanchezperez/Projects/jobadvent-api-rest/app/controllers/application_controller.rb": {
        "lines": [
          1,
          1,
          null
        ]
      },
      "/Users/carlossanchezperez/Projects/jobadvent-api-rest/app/controllers/concerns/authenticable.rb": {
        "lines": [
          1,
          1,
          15,
          null,
          11,
          11,
          null,
          9,
          null,
          9,
          null,
          null
        ]
      },
      "/Users/carlossanchezperez/Projects/jobadvent-api-rest/spec/controllers/concerns/authenticable_spec.rb": {
        "lines": [
          1,
          1,
          null,
          1,
          2,
          2,
          null,
          null,
          1,
          1,
          null,
          1,
          1,
          null,
          null,
          null,
          1,
          1,
          1,
          null,
          null,
          null,
          null,
          null,
          null,
          1,
          1,
          1,
          null,
          1,
          2,
          2,
          null,
          null,
          null,
          null,
          null
        ]
      },
      "/Users/carlossanchezperez/Projects/jobadvent-api-rest/spec/models/user_spec.rb": {
        "lines": [
          1,
          null,
          1,
          1,
          1,
          1,
          null,
          null,
          1,
          1,
          null,
          null,
          1,
          1,
          null,
          null,
          null
        ]
      },
      "/Users/carlossanchezperez/Projects/jobadvent-api-rest/app/models/user.rb": {
        "lines": [
          1,
          1,
          null,
          1,
          1,
          1,
          null
        ]
      },
      "/Users/carlossanchezperez/Projects/jobadvent-api-rest/app/models/application_record.rb": {
        "lines": [
          1,
          1,
          null
        ]
      },
      "/Users/carlossanchezperez/Projects/jobadvent-api-rest/spec/requests/api/v1/tokens_request_spec.rb": {
        "lines": [
          1,
          null,
          1,
          1,
          null,
          2,
          2,
          2,
          2,
          null,
          null,
          1,
          1,
          1,
          null,
          null,
          1,
          1,
          1,
          null,
          null,
          null
        ]
      },
      "/Users/carlossanchezperez/Projects/jobadvent-api-rest/spec/requests/api/v1/users_request_spec.rb": {
        "lines": [
          1,
          null,
          1,
          1,
          null,
          6,
          6,
          6,
          6,
          6,
          null,
          null,
          null,
          null,
          null,
          6,
          null,
          null,
          null,
          null,
          null,
          null,
          null,
          1,
          1,
          null,
          1,
          null,
          1,
          1,
          1,
          null,
          null,
          1,
          1,
          null,
          1,
          null,
          null,
          1,
          1,
          null,
          1,
          null,
          null,
          1,
          1,
          1,
          null,
          1,
          null,
          null,
          1,
          1,
          1,
          null,
          1,
          null,
          null,
          1,
          1,
          1,
          null,
          1,
          null,
          null,
          null
        ]
      },
      "/Users/carlossanchezperez/Projects/jobadvent-api-rest/spec/support/database_cleaner_spec.rb": {
        "lines": [
          1,
          1,
          1,
          null,
          null,
          1,
          15,
          null,
          null,
          1,
          0,
          null,
          null,
          1,
          15,
          null,
          null,
          1,
          15,
          null,
          null,
          null
        ]
      },
      "/Users/carlossanchezperez/Projects/jobadvent-api-rest/lib/json_web_token.rb": {
        "lines": [
          1,
          1,
          null,
          1,
          8,
          8,
          null,
          null,
          1,
          9,
          9,
          null,
          null
        ]
      },
      "/Users/carlossanchezperez/Projects/jobadvent-api-rest/app/controllers/api/v1/tokens_controller.rb": {
        "lines": [
          1,
          1,
          2,
          2,
          1,
          null,
          null,
          null,
          1,
          null,
          null,
          null,
          1,
          null,
          1,
          4,
          null,
          null,
          null
        ]
      }
    },
    "timestamp": 1587736403
  }
}
